2012/09/17 16:03:23 [error] [exception.CException] exception 'CException' with message 'CAssetManager.basePath "/home/slon/eclipsews/calc/assets" is invalid. Please make sure the directory exists and is writable by the Web server process.' in /var/www/yii/framework/web/CAssetManager.php:128
Stack trace:
#0 /var/www/yii/framework/web/CAssetManager.php(113): CAssetManager->setBasePath('/home/slon/ecli...')
#1 /var/www/yii/framework/web/CAssetManager.php(235): CAssetManager->getBasePath()
#2 /var/www/yii/framework/gii/GiiModule.php(143): CAssetManager->publish('/var/www/yii/fr...')
#3 /var/www/yii/framework/base/CComponent.php(112): GiiModule->getAssetsUrl()
#4 /var/www/yii/framework/base/CModule.php(106): CComponent->__get('assetsUrl')
#5 /var/www/yii/framework/gii/views/layouts/main.php(5): CModule->__get('assetsUrl')
#6 /var/www/yii/framework/web/CBaseController.php(127): require('/var/www/yii/fr...')
#7 /var/www/yii/framework/web/CBaseController.php(96): CBaseController->renderInternal('/var/www/yii/fr...', Array, true)
#8 /var/www/yii/framework/web/widgets/CContentDecorator.php(77): CBaseController->renderFile('/var/www/yii/fr...', Array, true)
#9 /var/www/yii/framework/web/widgets/CContentDecorator.php(55): CContentDecorator->decorate('<div class="con...')
#10 /var/www/yii/framework/web/widgets/COutputProcessor.php(45): CContentDecorator->processOutput('<div class="con...')
#11 /var/www/yii/framework/web/CBaseController.php(207): COutputProcessor->run()
#12 /var/www/yii/framework/web/CBaseController.php(301): CBaseController->endWidget('CContentDecorat...')
#13 /var/www/yii/framework/gii/views/layouts/column1.php(7): CBaseController->endContent()
#14 /var/www/yii/framework/web/CBaseController.php(127): require('/var/www/yii/fr...')
#15 /var/www/yii/framework/web/CBaseController.php(96): CBaseController->renderInternal('/var/www/yii/fr...', Array, true)
#16 /var/www/yii/framework/web/CController.php(785): CBaseController->renderFile('/var/www/yii/fr...', Array, true)
#17 /var/www/yii/framework/gii/controllers/DefaultController.php(47): CController->render('login', Array)
#18 /var/www/yii/framework/web/actions/CInlineAction.php(50): DefaultController->actionLogin()
#19 /var/www/yii/framework/web/CController.php(309): CInlineAction->runWithParams(Array)
#20 /var/www/yii/framework/web/CController.php(287): CController->runAction(Object(CInlineAction))
#21 /var/www/yii/framework/web/CController.php(266): CController->runActionWithFilters(Object(CInlineAction), Array)
#22 /var/www/yii/framework/web/CWebApplication.php(283): CController->run('login')
#23 /var/www/yii/framework/web/CWebApplication.php(142): CWebApplication->runController('gii/default/log...')
#24 /var/www/yii/framework/base/CApplication.php(162): CWebApplication->processRequest()
#25 /home/slon/eclipsews/calc/index.php(13): CApplication->run()
#26 {main}
REQUEST_URI=/calc/index.php?r=gii/default/login
---
2012/09/18 16:47:55 [error] [system.db.CDbCommand] CDbCommand::fetchAll() failed: SQLSTATE[42S02]: Base table or view not found: 1146 Table 'dc_calc.tbl_migration' doesn't exist. The SQL statement executed was: SHOW COLUMNS FROM `tbl_migration`.
2012/09/20 15:14:49 [error] [system.db.CDbCommand] CDbCommand::fetchAll() failed: SQLSTATE[42S02]: Base table or view not found: 1146 Table 'calc.tbl_migration' doesn't exist. The SQL statement executed was: SHOW COLUMNS FROM `tbl_migration`.
2012/09/21 11:06:15 [error] [exception.CException] exception 'CException' with message 'Property "History.calc_date" is not defined.' in C:\Documents_VOVAN\WEB\yii\framework\base\CComponent.php:174
Stack trace:
#0 C:\Documents_VOVAN\WEB\yii\framework\db\ar\CActiveRecord.php(160): CComponent->__set('calc_date', Object(CDbExpression))
#1 C:\Documents_VOVAN\WEB\eclips_workDir\calc\protected\modules\calc\controllers\HistoryController.php(28): CActiveRecord->__set('calc_date', Object(CDbExpression))
#2 [internal function]: HistoryController->actionAdd('345-789t=78')
#3 C:\Documents_VOVAN\WEB\yii\framework\web\actions\CAction.php(107): ReflectionMethod->invokeArgs(Object(HistoryController), Array)
#4 C:\Documents_VOVAN\WEB\yii\framework\web\actions\CInlineAction.php(48): CAction->runWithParamsInternal(Object(HistoryController), Object(ReflectionMethod), Array)
#5 C:\Documents_VOVAN\WEB\yii\framework\web\CController.php(309): CInlineAction->runWithParams(Array)
#6 C:\Documents_VOVAN\WEB\yii\framework\web\CController.php(287): CController->runAction(Object(CInlineAction))
#7 C:\Documents_VOVAN\WEB\yii\framework\web\CController.php(266): CController->runActionWithFilters(Object(CInlineAction), Array)
#8 C:\Documents_VOVAN\WEB\yii\framework\web\CWebApplication.php(283): CController->run('add')
#9 C:\Documents_VOVAN\WEB\yii\framework\web\CWebApplication.php(142): CWebApplication->runController('calc/history/ad...')
#10 C:\Documents_VOVAN\WEB\yii\framework\base\CApplication.php(162): CWebApplication->processRequest()
#11 C:\Documents_VOVAN\WEB\eclips_workDir\calc\index.php(27): CApplication->run()
#12 {main}
REQUEST_URI=/calc/index.php?r=calc/history/add&e=345-789t=78
HTTP_REFERER=http://localhost/calc/index.php?r=calc
---
2012/09/21 12:40:43 [error] [exception.CException] exception 'CException' with message 'CClientScript and its behaviors do not have a method or closure named "registerImgFile".' in C:\Documents_VOVAN\WEB\yii\framework\base\CComponent.php:266
Stack trace:
#0 C:\Documents_VOVAN\WEB\eclips_workDir\calc\protected\modules\calc\views\default\index.php(25): CComponent->__call('registerImgFile', Array)
#1 C:\Documents_VOVAN\WEB\eclips_workDir\calc\protected\modules\calc\views\default\index.php(25): CClientScript->registerImgFile('/calc/image/log...')
#2 C:\Documents_VOVAN\WEB\yii\framework\web\CBaseController.php(127): require('C:\Documents_VO...')
#3 C:\Documents_VOVAN\WEB\yii\framework\web\CBaseController.php(96): CBaseController->renderInternal('C:\Documents_VO...', NULL, true)
#4 C:\Documents_VOVAN\WEB\yii\framework\web\CController.php(870): CBaseController->renderFile('C:\Documents_VO...', NULL, true)
#5 C:\Documents_VOVAN\WEB\yii\framework\web\CController.php(783): CController->renderPartial('index', NULL, true)
#6 C:\Documents_VOVAN\WEB\eclips_workDir\calc\protected\modules\calc\controllers\DefaultController.php(8): CController->render('index')
#7 C:\Documents_VOVAN\WEB\yii\framework\web\actions\CInlineAction.php(50): DefaultController->actionIndex()
#8 C:\Documents_VOVAN\WEB\yii\framework\web\CController.php(309): CInlineAction->runWithParams(Array)
#9 C:\Documents_VOVAN\WEB\yii\framework\web\CController.php(287): CController->runAction(Object(CInlineAction))
#10 C:\Documents_VOVAN\WEB\yii\framework\web\CController.php(266): CController->runActionWithFilters(Object(CInlineAction), Array)
#11 C:\Documents_VOVAN\WEB\yii\framework\web\CWebApplication.php(283): CController->run('')
#12 C:\Documents_VOVAN\WEB\yii\framework\web\CWebApplication.php(142): CWebApplication->runController('calc')
#13 C:\Documents_VOVAN\WEB\yii\framework\base\CApplication.php(162): CWebApplication->processRequest()
#14 C:\Documents_VOVAN\WEB\eclips_workDir\calc\index.php(27): CApplication->run()
#15 {main}
REQUEST_URI=/calc/index.php?r=calc
---
2012/09/21 12:42:22 [error] [exception.CException] exception 'CException' with message 'CClientScript and its behaviors do not have a method or closure named "registerImgFile".' in C:\Documents_VOVAN\WEB\yii\framework\base\CComponent.php:266
Stack trace:
#0 C:\Documents_VOVAN\WEB\eclips_workDir\calc\protected\modules\calc\views\default\index.php(25): CComponent->__call('registerImgFile', Array)
#1 C:\Documents_VOVAN\WEB\eclips_workDir\calc\protected\modules\calc\views\default\index.php(25): CClientScript->registerImgFile('/calc/images/lo...')
#2 C:\Documents_VOVAN\WEB\yii\framework\web\CBaseController.php(127): require('C:\Documents_VO...')
#3 C:\Documents_VOVAN\WEB\yii\framework\web\CBaseController.php(96): CBaseController->renderInternal('C:\Documents_VO...', NULL, true)
#4 C:\Documents_VOVAN\WEB\yii\framework\web\CController.php(870): CBaseController->renderFile('C:\Documents_VO...', NULL, true)
#5 C:\Documents_VOVAN\WEB\yii\framework\web\CController.php(783): CController->renderPartial('index', NULL, true)
#6 C:\Documents_VOVAN\WEB\eclips_workDir\calc\protected\modules\calc\controllers\DefaultController.php(8): CController->render('index')
#7 C:\Documents_VOVAN\WEB\yii\framework\web\actions\CInlineAction.php(50): DefaultController->actionIndex()
#8 C:\Documents_VOVAN\WEB\yii\framework\web\CController.php(309): CInlineAction->runWithParams(Array)
#9 C:\Documents_VOVAN\WEB\yii\framework\web\CController.php(287): CController->runAction(Object(CInlineAction))
#10 C:\Documents_VOVAN\WEB\yii\framework\web\CController.php(266): CController->runActionWithFilters(Object(CInlineAction), Array)
#11 C:\Documents_VOVAN\WEB\yii\framework\web\CWebApplication.php(283): CController->run('')
#12 C:\Documents_VOVAN\WEB\yii\framework\web\CWebApplication.php(142): CWebApplication->runController('calc')
#13 C:\Documents_VOVAN\WEB\yii\framework\base\CApplication.php(162): CWebApplication->processRequest()
#14 C:\Documents_VOVAN\WEB\eclips_workDir\calc\index.php(27): CApplication->run()
#15 {main}
REQUEST_URI=/calc/index.php?r=calc
---
